<?xml version="1.0" encoding="UTF-8"?>
<!-- Generated by org.testng.reporters.JUnitReportReporter -->
<testsuite skipped="0" hostname="DESKTOP-FLB2E45" name="scripts.Invalidlogin" tests="2" failures="0" timestamp="28 Aug 2021 07:59:48 GMT" time="39.633" errors="0">
  <testcase name="testValidlogin" time="23.523" classname="scripts.Invalidlogin"/>
  <testcase name="testValidlogin" time="16.110" classname="scripts.Invalidlogin"/>
</testsuite> <!-- scripts.Invalidlogin -->
