<?xml version="1.0" encoding="UTF-8"?>
<!-- Generated by org.testng.reporters.JUnitReportReporter -->
<testsuite skipped="0" hostname="DESKTOP-FLB2E45" name="scripts.Validlogin" tests="2" failures="0" timestamp="28 Aug 2021 07:59:48 GMT" time="53.387" errors="0">
  <testcase name="testValidlogin" time="25.298" classname="scripts.Validlogin"/>
  <testcase name="testValidlogin" time="28.089" classname="scripts.Validlogin"/>
</testsuite> <!-- scripts.Validlogin -->
