<?xml version="1.0" encoding="UTF-8"?>
<!-- Generated by org.testng.reporters.JUnitReportReporter -->
<testsuite skipped="0" hostname="DESKTOP-FLB2E45" name="scripts.Validlogin" tests="2" failures="0" timestamp="28 Aug 2021 09:55:40 GMT" time="54.933" errors="0">
  <testcase name="testValidlogin" time="33.919" classname="scripts.Validlogin"/>
  <testcase name="testValidlogin" time="21.014" classname="scripts.Validlogin"/>
</testsuite> <!-- scripts.Validlogin -->
