<?xml version="1.0" encoding="UTF-8"?>
<!-- Generated by org.testng.reporters.JUnitReportReporter -->
<testsuite skipped="0" hostname="DESKTOP-FLB2E45" name="scripts.Validlogin" tests="2" failures="0" timestamp="28 Aug 2021 08:08:58 GMT" time="77.381" errors="0">
  <testcase name="testValidlogin" time="28.146" classname="scripts.Validlogin"/>
  <testcase name="testValidlogin" time="49.235" classname="scripts.Validlogin"/>
</testsuite> <!-- scripts.Validlogin -->
