<?xml version="1.0" encoding="UTF-8"?>
<!-- Generated by org.testng.reporters.JUnitReportReporter -->
<testsuite skipped="0" hostname="DESKTOP-FLB2E45" name="scripts.Validlogin" tests="2" failures="0" timestamp="28 Aug 2021 09:57:35 GMT" time="48.491" errors="0">
  <testcase name="testValidlogin" time="22.113" classname="scripts.Validlogin"/>
  <testcase name="testValidlogin" time="26.378" classname="scripts.Validlogin"/>
</testsuite> <!-- scripts.Validlogin -->
