<?xml version="1.0" encoding="UTF-8"?>
<!-- Generated by org.testng.reporters.JUnitReportReporter -->
<testsuite skipped="0" hostname="DESKTOP-FLB2E45" name="scripts.Invalidlogin" tests="2" failures="0" timestamp="28 Aug 2021 09:57:35 GMT" time="41.024" errors="0">
  <testcase name="testValidlogin" time="27.496" classname="scripts.Invalidlogin"/>
  <testcase name="testValidlogin" time="13.528" classname="scripts.Invalidlogin"/>
</testsuite> <!-- scripts.Invalidlogin -->
