<?xml version="1.0" encoding="UTF-8"?>
<!-- Generated by org.testng.reporters.JUnitReportReporter -->
<testsuite skipped="0" hostname="DESKTOP-FLB2E45" name="scripts.Invalidlogin" tests="2" failures="0" timestamp="28 Aug 2021 08:08:58 GMT" time="43.858" errors="0">
  <testcase name="testValidlogin" time="21.726" classname="scripts.Invalidlogin"/>
  <testcase name="testValidlogin" time="22.132" classname="scripts.Invalidlogin"/>
</testsuite> <!-- scripts.Invalidlogin -->
